{
  "RSpec": {
    "coverage": {
      "/home/travis/build/MarcGrimme/context-request-middleware/lib/context_request_middleware.rb": [
        null,
        null,
        1,
        1,
        1,
        1,
        null,
        1,
        1,
        1,
        1,
        1,
        1,
        1,
        1,
        null,
        null,
        1,
        1,
        null,
        null,
        null,
        null,
        1,
        1,
        null,
        0,
        0,
        0,
        null,
        null,
        0,
        null,
        1,
        null,
        null,
        null,
        null,
        null,
        null,
        null,
        1,
        1,
        null,
        null,
        null,
        null,
        null,
        1,
        1,
        null,
        null,
        null,
        null,
        null,
        null,
        1,
        null,
        null,
        null,
        1,
        1,
        null,
        null,
        null,
        null,
        null,
        null,
        null,
        1,
        1,
        null,
        null,
        null,
        1,
        null,
        null,
        null,
        null,
        null,
        null,
        1,
        1,
        null,
        1,
        null,
        null,
        null,
        null,
        null,
        null,
        1,
        1,
        null,
        null,
        null,
        null,
        null,
        1,
        1,
        null,
        1,
        null,
        null,
        null,
        2,
        null,
        null,
        null,
        null,
        1,
        1,
        null,
        1,
        null,
        null,
        null,
        null,
        null,
        null,
        null,
        null,
        null,
        null,
        1,
        19,
        null,
        19,
        null,
        4,
        null,
        null,
        null,
        null,
        null,
        null,
        null,
        null,
        1,
        12,
        12,
        19,
        19,
        null,
        12,
        null,
        null,
        null,
        1
      ],
      "/home/travis/build/MarcGrimme/context-request-middleware/lib/context_request_middleware/sampling_handler.rb": [
        null,
        null,
        1,
        null,
        1,
        1,
        null,
        1,
        null,
        null,
        null,
        null,
        6,
        null,
        null,
        null
      ],
      "/home/travis/build/MarcGrimme/context-request-middleware/lib/context_request_middleware/middleware.rb": [
        null,
        null,
        1,
        null,
        1,
        1,
        5,
        5,
        null,
        null,
        1,
        5,
        5,
        5,
        5,
        4,
        4,
        4,
        null,
        5,
        null,
        null,
        1,
        null,
        1,
        4,
        4,
        4,
        null,
        null,
        1,
        4,
        null,
        null,
        4,
        4,
        4,
        4,
        4,
        null,
        null,
        1,
        4,
        4,
        null,
        null,
        1,
        4,
        null,
        null,
        null,
        1,
        4,
        null,
        4,
        4,
        null,
        null,
        null,
        1,
        4,
        null,
        null,
        1,
        4,
        null,
        null,
        null,
        1,
        4,
        4,
        null,
        4,
        4,
        null,
        4,
        4,
        4,
        null,
        1,
        null,
        null,
        null,
        1,
        5,
        null,
        null,
        null,
        null,
        null,
        1,
        10,
        10,
        8,
        null,
        2,
        null,
        null,
        null,
        1,
        null,
        null,
        null,
        4,
        null,
        null,
        1,
        4,
        null,
        null,
        4,
        null,
        null,
        null,
        null,
        null
      ],
      "/home/travis/build/MarcGrimme/context-request-middleware/lib/context_request_middleware/cookie.rb": [
        null,
        null,
        1,
        null,
        null,
        1,
        1,
        null,
        null,
        1,
        11,
        0,
        0,
        null,
        11,
        8,
        null,
        null,
        null,
        null,
        1,
        null,
        0,
        0,
        null,
        null,
        0,
        null,
        0,
        0,
        null,
        null,
        null,
        null,
        null,
        null
      ],
      "/home/travis/build/MarcGrimme/context-request-middleware/lib/context_request_middleware/request.rb": [
        null,
        null,
        null,
        1,
        null,
        1,
        null,
        1,
        1,
        null,
        1,
        null,
        null,
        null,
        null,
        null,
        4,
        null,
        null,
        null
      ],
      "/home/travis/build/MarcGrimme/context-request-middleware/lib/context_request_middleware/request/cookie_session_id_retriever.rb": [
        null,
        null,
        1,
        1,
        null,
        null,
        null,
        1,
        1,
        1,
        null,
        1,
        6,
        null,
        null,
        1,
        6,
        null,
        null,
        null,
        null
      ],
      "/home/travis/build/MarcGrimme/context-request-middleware/lib/context_request_middleware/context.rb": [
        null,
        null,
        1,
        null,
        1,
        null,
        null,
        1,
        1,
        null,
        1,
        null,
        null,
        null,
        null,
        null,
        4,
        null,
        null,
        null
      ],
      "/home/travis/build/MarcGrimme/context-request-middleware/lib/context_request_middleware/context/cookie_session_retriever.rb": [
        null,
        null,
        1,
        1,
        null,
        null,
        null,
        1,
        1,
        1,
        null,
        1,
        null,
        1,
        null,
        1,
        9,
        9,
        null,
        null,
        1,
        9,
        9,
        4,
        4,
        4,
        4,
        4,
        null,
        9,
        null,
        null,
        1,
        null,
        1,
        4,
        null,
        null,
        1,
        4,
        null,
        null,
        1,
        4,
        null,
        null,
        1,
        9,
        null,
        null,
        1,
        18,
        null,
        null,
        null,
        1,
        5,
        null,
        null,
        1,
        14,
        null,
        null,
        1,
        4,
        null,
        null,
        null,
        null
      ],
      "/home/travis/build/MarcGrimme/context-request-middleware/lib/context_request_middleware/push_handler.rb": [
        null,
        null,
        1,
        null,
        1,
        null,
        1,
        1,
        null,
        1,
        null,
        1,
        null,
        null,
        null,
        null,
        1,
        null,
        null,
        null
      ],
      "/home/travis/build/MarcGrimme/context-request-middleware/lib/context_request_middleware/push_handler/rabbitmq_push_handler.rb": [
        null,
        null,
        1,
        1,
        1,
        null,
        1,
        1,
        null,
        null,
        null,
        1,
        null,
        1,
        1,
        null,
        1,
        null,
        null,
        null,
        null,
        null,
        null,
        null,
        null,
        null,
        null,
        null,
        null,
        null,
        null,
        1,
        3,
        3,
        null,
        null,
        null,
        3,
        3,
        3,
        3,
        null,
        3,
        null,
        null,
        null,
        null,
        null,
        null,
        null,
        1,
        3,
        3,
        3,
        3,
        null,
        3,
        3,
        null,
        3,
        2,
        null,
        null,
        null,
        1,
        null,
        1,
        3,
        null,
        1,
        null,
        null,
        null,
        1,
        3,
        3,
        3,
        null,
        null,
        null,
        null,
        null,
        1,
        3,
        null,
        null,
        1,
        1,
        null,
        null,
        null,
        1,
        5,
        null,
        null,
        1,
        1,
        null,
        null,
        1,
        1,
        null,
        null,
        null,
        null
      ],
      "/home/travis/build/MarcGrimme/context-request-middleware/lib/context_request_middleware/push_handler/base.rb": [
        null,
        null,
        1,
        1,
        null,
        1,
        1,
        null,
        null,
        null
      ],
      "/home/travis/build/MarcGrimme/context-request-middleware/lib/context_request_middleware/sampling_handler/accept_all.rb": [
        null,
        null,
        1,
        1,
        null,
        1,
        1,
        8,
        null,
        null,
        null,
        null
      ]
    },
    "timestamp": 1574841527
  }
}
