{
  "RSpec": {
    "coverage": {
      "/home/travis/build/MarcGrimme/context-request-middleware/lib/context_request_middleware.rb": [
        null,
        null,
        1,
        1,
        1,
        1,
        1,
        null,
        1,
        1,
        1,
        1,
        1,
        1,
        1,
        1,
        1,
        1,
        null,
        null,
        1,
        1,
        null,
        null,
        null,
        null,
        1,
        1,
        null,
        0,
        0,
        0,
        null,
        null,
        0,
        null,
        1,
        null,
        null,
        null,
        null,
        null,
        null,
        null,
        1,
        1,
        0,
        null,
        1,
        null,
        null,
        null,
        null,
        null,
        null,
        null,
        1,
        1,
        null,
        null,
        null,
        null,
        1,
        1,
        null,
        null,
        null,
        null,
        null,
        1,
        1,
        null,
        null,
        null,
        null,
        null,
        1,
        1,
        null,
        null,
        null,
        null,
        null,
        null,
        1,
        null,
        null,
        null,
        1,
        1,
        null,
        null,
        null,
        null,
        null,
        null,
        null,
        1,
        1,
        null,
        null,
        null,
        1,
        null,
        null,
        null,
        null,
        null,
        null,
        1,
        1,
        null,
        1,
        null,
        null,
        null,
        null,
        null,
        null,
        1,
        1,
        null,
        null,
        null,
        null,
        null,
        null,
        null,
        1,
        1,
        null,
        null,
        null,
        null,
        null,
        1,
        1,
        null,
        1,
        null,
        null,
        null,
        2,
        null,
        null,
        null,
        null,
        1,
        1,
        null,
        1,
        null,
        null,
        null,
        1,
        1,
        null,
        null,
        null,
        null,
        null,
        null,
        null,
        null,
        null,
        null,
        null,
        1,
        22,
        null,
        22,
        null,
        3,
        null,
        null,
        null,
        null,
        null,
        null,
        null,
        null,
        1,
        16,
        16,
        25,
        25,
        null,
        16,
        null,
        null,
        null,
        1
      ],
      "/home/travis/build/MarcGrimme/context-request-middleware/lib/context_request_middleware/sampling_handler.rb": [
        null,
        null,
        1,
        null,
        1,
        1,
        null,
        1,
        null,
        null,
        null,
        null,
        5,
        null,
        null,
        null
      ],
      "/home/travis/build/MarcGrimme/context-request-middleware/lib/context_request_middleware/middleware.rb": [
        null,
        null,
        1,
        null,
        null,
        1,
        1,
        7,
        null,
        null,
        1,
        7,
        7,
        null,
        null,
        null,
        1,
        6,
        6,
        6,
        6,
        6,
        6,
        6,
        6,
        5,
        null,
        6,
        null,
        null,
        null,
        1,
        null,
        1,
        6,
        6,
        6,
        null,
        null,
        1,
        6,
        6,
        6,
        6,
        6,
        6,
        null,
        null,
        1,
        6,
        null,
        6,
        null,
        null,
        null,
        6,
        null,
        null,
        1,
        6,
        6,
        null,
        null,
        1,
        6,
        null,
        null,
        null,
        1,
        6,
        null,
        6,
        6,
        null,
        null,
        null,
        1,
        6,
        null,
        null,
        1,
        6,
        null,
        null,
        null,
        1,
        4,
        4,
        4,
        null,
        4,
        null,
        null,
        null,
        null,
        1,
        6,
        3,
        3,
        3,
        null,
        3,
        null,
        null,
        1,
        7,
        null,
        null,
        null,
        null,
        null,
        1,
        5,
        5,
        4,
        null,
        1,
        null,
        null,
        null,
        1,
        null,
        null,
        null,
        6,
        null,
        null,
        1,
        6,
        null,
        null,
        6,
        null,
        null,
        null,
        null,
        1,
        6,
        null,
        null,
        null,
        null,
        null,
        null
      ],
      "/home/travis/build/MarcGrimme/context-request-middleware/lib/context_request_middleware/cookie.rb": [
        null,
        null,
        1,
        null,
        null,
        1,
        1,
        null,
        null,
        1,
        18,
        0,
        0,
        null,
        18,
        15,
        null,
        null,
        null,
        null,
        1,
        null,
        0,
        0,
        null,
        null,
        0,
        null,
        0,
        0,
        null,
        null,
        null,
        null,
        null,
        null
      ],
      "/home/travis/build/MarcGrimme/context-request-middleware/lib/context_request_middleware/request.rb": [
        null,
        null,
        null,
        1,
        null,
        1,
        null,
        1,
        1,
        null,
        1,
        null,
        null,
        null,
        null,
        null,
        6,
        null,
        null,
        null
      ],
      "/home/travis/build/MarcGrimme/context-request-middleware/lib/context_request_middleware/request/cookie_session_id_retriever.rb": [
        null,
        null,
        1,
        1,
        null,
        null,
        null,
        1,
        1,
        1,
        null,
        1,
        8,
        null,
        null,
        1,
        8,
        null,
        null,
        null,
        null
      ],
      "/home/travis/build/MarcGrimme/context-request-middleware/lib/context_request_middleware/context.rb": [
        null,
        null,
        1,
        null,
        1,
        null,
        null,
        1,
        1,
        null,
        1,
        null,
        null,
        null,
        null,
        null,
        6,
        null,
        null,
        null
      ],
      "/home/travis/build/MarcGrimme/context-request-middleware/lib/context_request_middleware/context/cookie_session_retriever.rb": [
        null,
        null,
        1,
        1,
        null,
        null,
        null,
        1,
        1,
        1,
        null,
        1,
        null,
        1,
        null,
        1,
        11,
        11,
        null,
        null,
        1,
        11,
        11,
        6,
        6,
        6,
        6,
        6,
        null,
        11,
        null,
        null,
        1,
        17,
        null,
        null,
        1,
        null,
        1,
        6,
        null,
        null,
        1,
        6,
        null,
        null,
        1,
        6,
        null,
        null,
        1,
        6,
        null,
        null,
        1,
        33,
        null,
        33,
        33,
        33,
        null,
        null,
        1,
        10,
        null,
        null,
        1,
        59,
        null,
        null,
        1,
        12,
        null,
        null,
        null,
        null
      ],
      "/home/travis/build/MarcGrimme/context-request-middleware/lib/context_request_middleware/push_handler.rb": [
        null,
        null,
        1,
        1,
        null,
        1,
        null,
        1,
        1,
        null,
        1,
        null,
        1,
        null,
        null,
        null,
        null,
        1,
        null,
        null,
        null
      ],
      "/home/travis/build/MarcGrimme/context-request-middleware/lib/context_request_middleware/push_handler/rabbitmq_push_handler.rb": [
        null,
        null,
        1,
        1,
        1,
        null,
        1,
        1,
        null,
        null,
        null,
        1,
        null,
        1,
        1,
        null,
        1,
        null,
        null,
        null,
        null,
        null,
        null,
        null,
        null,
        null,
        null,
        null,
        null,
        null,
        null,
        1,
        3,
        3,
        null,
        null,
        null,
        3,
        3,
        3,
        3,
        null,
        3,
        null,
        null,
        null,
        null,
        null,
        null,
        null,
        1,
        3,
        3,
        3,
        3,
        null,
        3,
        3,
        null,
        3,
        2,
        null,
        null,
        null,
        1,
        null,
        1,
        3,
        null,
        1,
        null,
        null,
        null,
        1,
        3,
        3,
        3,
        null,
        null,
        null,
        null,
        null,
        1,
        3,
        null,
        null,
        1,
        1,
        null,
        null,
        null,
        1,
        5,
        null,
        null,
        1,
        1,
        null,
        null,
        1,
        1,
        null,
        null,
        null,
        null
      ],
      "/home/travis/build/MarcGrimme/context-request-middleware/lib/context_request_middleware/push_handler/base.rb": [
        null,
        null,
        1,
        1,
        null,
        1,
        1,
        null,
        null,
        null
      ],
      "/home/travis/build/MarcGrimme/context-request-middleware/lib/context_request_middleware/push_handler/rabbitmq_push_handler_async.rb": [
        null,
        null,
        1,
        1,
        null,
        1,
        1,
        null,
        null,
        null,
        1,
        null,
        null,
        null,
        null,
        null,
        null,
        null,
        null,
        null,
        null,
        null,
        1,
        1,
        1,
        1,
        1,
        1,
        1,
        null,
        null,
        null,
        null,
        null,
        1,
        1,
        null,
        null,
        null,
        1,
        null,
        1,
        1,
        1,
        1,
        null,
        null,
        1,
        2,
        null,
        null,
        1,
        1,
        null,
        null,
        1,
        1,
        null,
        null,
        null,
        null
      ],
      "/home/travis/build/MarcGrimme/context-request-middleware/lib/context_request_middleware/sampling_handler/accept_all.rb": [
        null,
        null,
        1,
        1,
        null,
        1,
        1,
        4,
        null,
        null,
        null,
        null
      ],
      "/home/travis/build/MarcGrimme/context-request-middleware/lib/context_request_middleware/error_logger.rb": [
        null,
        null,
        1,
        null,
        1,
        1,
        null,
        null,
        1,
        6,
        null,
        1,
        1,
        null,
        null,
        null,
        null,
        null,
        null,
        1,
        2,
        null,
        0,
        null,
        null,
        1,
        null,
        null,
        null,
        null
      ],
      "/home/travis/build/MarcGrimme/context-request-middleware/lib/context_request_middleware/parameter_filter.rb": [
        null,
        null,
        null,
        1,
        null,
        1,
        null,
        null,
        1,
        1,
        null,
        null,
        null,
        null,
        null,
        null,
        null,
        null,
        1,
        6,
        6,
        null,
        null,
        null,
        1,
        6,
        null,
        null,
        null,
        null,
        1,
        0,
        null,
        null,
        null,
        1,
        null,
        1,
        6,
        null,
        null,
        1,
        1,
        6,
        null,
        6,
        null,
        6,
        30,
        null,
        6,
        null,
        6,
        null,
        18,
        null,
        null,
        null,
        6,
        12,
        12,
        null,
        6,
        24,
        24,
        null,
        6,
        6,
        null,
        6,
        null,
        null,
        1,
        null,
        1,
        6,
        6,
        6,
        6,
        null,
        null,
        1,
        8,
        null,
        8,
        12,
        null,
        null,
        8,
        null,
        null,
        1,
        12,
        34,
        2,
        20,
        2,
        8,
        2,
        6,
        null,
        null,
        null,
        0,
        0,
        null,
        0,
        null,
        6,
        6,
        6,
        12,
        null,
        12,
        12,
        null,
        null,
        null,
        null,
        null
      ],
      "/home/travis/build/MarcGrimme/context-request-middleware/lib/context_request_middleware/duplicable.rb": [
        null,
        null,
        1,
        null,
        1,
        1,
        12,
        null,
        12,
        null,
        null,
        null
      ]
    },
    "timestamp": 1580451122
  }
}
